<?xml version="1.0" encoding="UTF-8"?>
<!-- Generated by org.testng.reporters.JUnitReportReporter -->
<testsuite skipped="0" hostname="Ranjit" name="excelPrograms.CodingTest" tests="4" failures="0" timestamp="23 Jun 2019 12:28:24 GMT" time="1.047" errors="0">
  <testcase name="similarMarksInMaths" time="0.826" classname="excelPrograms.CodingTest"/>
  <testcase name="topperInPhysics" time="0.082" classname="excelPrograms.CodingTest"/>
  <testcase name="highestMarks" time="0.065" classname="excelPrograms.CodingTest"/>
  <testcase name="failedStudents" time="0.074" classname="excelPrograms.CodingTest"/>
</testsuite> <!-- excelPrograms.CodingTest -->
