<?xml version="1.0" encoding="UTF-8"?>
<!-- Generated by org.testng.reporters.JUnitReportReporter -->
<testsuite skipped="0" hostname="Ranjit" name="CodingTest" tests="2" failures="0" timestamp="23 Jun 2019 08:35:33 GMT" time="0.919" errors="0">
  <testcase name="failedStudents" time="0.843" classname="CodingTest"/>
  <testcase name="highestMarks" time="0.076" classname="CodingTest"/>
</testsuite> <!-- CodingTest -->
