<?xml version="1.0" encoding="UTF-8"?>
<!-- Generated by org.testng.reporters.JUnitReportReporter -->
<testsuite skipped="0" hostname="Ranjit" name="excelPrograms.ExcelCodingTest" tests="4" failures="0" timestamp="24 Jun 2019 16:49:22 GMT" time="0.331" errors="0">
  <testcase name="highestMarks2" time="0.017" classname="excelPrograms.ExcelCodingTest"/>
  <testcase name="topperInPhysics3" time="0.010" classname="excelPrograms.ExcelCodingTest"/>
  <testcase name="similarMarksInMaths4" time="0.015" classname="excelPrograms.ExcelCodingTest"/>
  <testcase name="failedStudents1" time="0.289" classname="excelPrograms.ExcelCodingTest"/>
</testsuite> <!-- excelPrograms.ExcelCodingTest -->
