<?xml version="1.0" encoding="UTF-8"?>
<!-- Generated by org.testng.reporters.JUnitReportReporter -->
<testsuite skipped="0" hostname="Ranjit" name="excelPrograms.XMLCodingTest" tests="4" failures="0" timestamp="23 Jun 2019 18:54:33 GMT" time="0.034" errors="0">
  <testcase name="professionalNames3" time="0.005" classname="excelPrograms.XMLCodingTest"/>
  <testcase name="countStudents1" time="0.017" classname="excelPrograms.XMLCodingTest"/>
  <testcase name="printCities2" time="0.006" classname="excelPrograms.XMLCodingTest"/>
  <testcase name="noOfSalesman4" time="0.006" classname="excelPrograms.XMLCodingTest"/>
</testsuite> <!-- excelPrograms.XMLCodingTest -->
